TN:
SF:src/js-foundation/03-callbacks.ts
FN:17,getUserById
FNF:1
FNH:1
FNDA:2,getUserById
DA:1,1
DA:2,1
DA:3,1
DA:4,1
DA:5,1
DA:6,1
DA:7,1
DA:8,1
DA:9,1
DA:10,1
DA:11,1
DA:12,1
DA:13,1
DA:14,1
DA:15,1
DA:16,1
DA:17,2
DA:18,2
DA:19,2
DA:20,2
DA:21,2
DA:22,2
DA:23,2
DA:24,1
DA:25,1
DA:26,1
DA:27,1
DA:28,1
LF:28
LH:28
BRDA:17,0,0,2
BRDA:23,1,0,1
BRDA:21,2,0,3
BRF:3
BRH:3
end_of_record
TN:
SF:src/js-foundation/05-factoring.ts
FN:11,buildMakePerson
FNF:1
FNH:1
FNDA:2,buildMakePerson
DA:1,1
DA:2,1
DA:3,1
DA:4,1
DA:5,1
DA:6,1
DA:7,1
DA:8,1
DA:9,1
DA:10,1
DA:11,1
DA:12,2
DA:13,2
DA:14,2
DA:15,2
DA:16,1
DA:17,1
DA:18,1
DA:19,1
DA:20,1
DA:21,1
DA:22,2
DA:23,2
LF:23
LH:23
BRDA:11,0,0,2
BRDA:15,1,0,1
BRF:2
BRH:2
end_of_record
TN:
SF:src/js-foundation/06-promises.ts
FN:5,getPokemonById
FNF:1
FNH:1
FNDA:2,getPokemonById
DA:1,1
DA:2,1
DA:3,1
DA:4,1
DA:5,1
DA:6,2
DA:7,2
DA:8,2
DA:9,2
DA:10,2
DA:11,2
DA:12,1
DA:13,1
DA:14,1
DA:15,1
DA:16,2
LF:16
LH:16
BRDA:5,0,0,2
BRDA:12,1,0,1
BRF:2
BRH:2
end_of_record
TN:
SF:src/plugins/get-age.plugin.ts
FN:1,getAge
FNF:1
FNH:1
FNDA:2,getAge
DA:1,2
DA:2,2
DA:3,2
DA:4,2
DA:5,2
DA:6,2
DA:7,2
DA:8,1
DA:9,2
DA:10,1
DA:11,1
DA:12,2
DA:13,2
LF:13
LH:13
BRDA:1,0,0,2
BRDA:7,1,0,1
BRDA:9,2,0,1
BRF:3
BRH:3
end_of_record
TN:
SF:src/plugins/get-id.plugin.ts
FN:3,getUUID
FNF:1
FNH:1
FNDA:1,getUUID
DA:1,1
DA:2,1
DA:3,1
DA:4,1
DA:5,1
LF:5
LH:5
BRDA:3,0,0,1
BRF:1
BRH:1
end_of_record
TN:
SF:src/plugins/http-client.plugin.ts
FN:4,get
FN:10,post
FN:13,put
FN:16,delete
FNF:4
FNH:4
FNDA:3,get
FNDA:1,post
FNDA:1,put
FNDA:1,delete
DA:1,1
DA:2,1
DA:3,1
DA:4,1
DA:5,3
DA:6,3
DA:7,2
DA:8,2
DA:9,1
DA:10,1
DA:11,1
DA:12,1
DA:13,1
DA:14,1
DA:15,1
DA:16,1
DA:17,1
DA:18,1
DA:19,1
LF:19
LH:19
BRDA:4,0,0,3
BRDA:7,1,0,2
BRDA:10,2,0,1
BRDA:13,3,0,1
BRDA:16,4,0,1
BRF:5
BRH:5
end_of_record
TN:
SF:src/plugins/logger.plugin.ts
FN:23,buildLogger
FN:25,log
FN:28,error
FNF:3
FNH:2
FNDA:2,buildLogger
FNDA:1,log
FNDA:0,error
DA:1,1
DA:2,1
DA:3,1
DA:4,1
DA:5,1
DA:6,1
DA:7,1
DA:8,1
DA:9,1
DA:10,1
DA:11,1
DA:12,1
DA:13,1
DA:14,1
DA:15,1
DA:16,1
DA:17,1
DA:18,1
DA:19,1
DA:20,1
DA:21,1
DA:22,1
DA:23,2
DA:24,2
DA:25,2
DA:26,1
DA:27,2
DA:28,2
DA:29,0
DA:30,2
DA:31,2
DA:32,2
LF:32
LH:31
BRDA:23,0,0,2
BRDA:25,1,0,1
BRF:2
BRH:2
end_of_record
